app/build/outputs/mapping/release/seeds.txt
com.example.memories.BootReceiver
com.example.memories.DatabaseHelper
com.example.memories.AutoStartHelper
com.example.memories.R$xml
com.example.memories.DatabaseHelper$1
com.example.memories.EmbeddedServer$1
com.example.memories.OAuthHelper
com.example.memories.MainActivity$1
com.example.memories.ServiceChecker
com.example.memories.MemoriesCamera
com.example.memories.FileManager
com.example.memories.WebDavBackup
com.example.memories.WebDavBackup$DavResource
com.example.memories.EmbeddedServer
com.example.memories.MemoriesCamera$1$1
com.example.memories.R$layout
com.example.memories.AdminServer
com.example.memories.MainActivity$3
com.example.memories.R
com.example.memories.R$string
com.example.memories.WriteQueue
com.example.memories.FrpcManager
com.example.memories.MainActivity$2
com.example.memories.FloatingWindow
com.example.memories.MemoriesAccessibilityService
com.example.memories.R$id
com.example.memories.MemoriesCamera$1
com.example.memories.ServerService
com.example.memories.PermissionGuideActivity$PermissionStatusChecker
com.example.memories.PermissionGuideActivity
com.example.memories.PermissionHelper
com.example.memories.MainActivity
com.example.memories.BootStartupWorker
com.example.memories.KeepAliveService
com.example.memories.ServerService: int NOTIFICATION_ID
com.example.memories.FrpcManager: boolean running
com.example.memories.PermissionHelper: int REQ_INSTALL_UNKNOWN_APP
com.example.memories.FloatingWindow: java.lang.String WAKE_LOCK_TAG
com.example.memories.EmbeddedServer: long lastNetCheck
com.example.memories.PermissionHelper: int REQ_OVERLAY
com.example.memories.PermissionHelper: java.lang.String PERMISSION_CAMERA
com.example.memories.PermissionHelper: int REQ_NOTIFICATIONS
com.example.memories.KeepAliveService: long lastRollingCheckTs
com.example.memories.DatabaseHelper: android.database.sqlite.SQLiteDatabase sharedDb
com.example.memories.ServerService: boolean starting
com.example.memories.MainActivity: android.webkit.WebView webView
com.example.memories.KeepAliveService: java.lang.String TAG
com.example.memories.MainActivity: android.os.Handler handler
com.example.memories.MemoriesAccessibilityService: java.lang.String TAG
com.example.memories.EmbeddedServer$1: int val$fQuality
com.example.memories.WebDavBackup: okhttp3.OkHttpClient client
com.example.memories.R$string: int app_name
com.example.memories.MainActivity$2: com.example.memories.MainActivity this$0
com.example.memories.WriteQueue: java.lang.String TAG
com.example.memories.PermissionHelper: java.lang.String PERMISSION_BLUETOOTH_CONNECT
com.example.memories.ServerService: android.os.PowerManager$WakeLock wakeLock
com.example.memories.KeepAliveService: java.lang.String WAKE_LOCK_TAG
com.example.memories.PermissionGuideActivity: android.widget.LinearLayout permissionListContainer
com.example.memories.DatabaseHelper: java.util.concurrent.ExecutorService requestLogExecutor
com.example.memories.R$string: int accessibility_service_description
com.example.memories.DatabaseHelper$1: int counter
com.example.memories.EmbeddedServer: long lastRxBytes
com.example.memories.MemoriesCamera: boolean isOpen
com.example.memories.ServiceChecker: java.lang.String TAG
com.example.memories.MemoriesCamera$1$1: com.example.memories.MemoriesCamera$1 this$1
com.example.memories.PermissionHelper: int REQ_CAMERA_MIC
com.example.memories.PermissionHelper: java.lang.String PERMISSION_READ_STORAGE
com.example.memories.MainActivity$1: com.example.memories.MainActivity this$0
com.example.memories.DatabaseHelper: java.lang.String dbPath
com.example.memories.PermissionHelper: int REQ_RUNTIME_ALL
com.example.memories.FileManager: java.util.List RESTRICTED_DIRS
com.example.memories.PermissionHelper: java.lang.String PERMISSION_READ_PHONE_STATE
com.example.memories.MemoriesCamera: android.hardware.camera2.CameraDevice cameraDevice
com.example.memories.R$xml: int accessibility_service_config
com.example.memories.OAuthHelper: java.lang.String TAG
...
androidx.work.impl.background.systemjob.SystemJobScheduler: void cancelAll(android.content.Context)
androidx.work.impl.model.WorkTagDao: void access$insertTags$jd(androidx.work.impl.model.WorkTagDao,java.lang.String,java.util.Set)
androidx.work.impl.model.WorkSpec: int component23()
androidx.work.impl.model.SystemIdInfoDao_Impl: void removeSystemIdInfo(java.lang.String,int)
go.Universe$proxyerror: java.lang.String error()
androidx.work.impl.model.WorkSpecDao: java.util.List getEligibleWorkForScheduling(int)
androidx.work.impl.WorkDatabase_AutoMigration_13_14_Impl: void migrate(androidx.sqlite.db.SupportSQLiteDatabase)
androidx.work.Logger$LogcatLogger: void debug(java.lang.String,java.lang.String)
androidx.work.impl.foreground.SystemForegroundDispatcher: android.content.Intent createCancelWorkIntent(android.content.Context,java.lang.String)
androidx.work.impl.model.WorkTagDao: void deleteByWorkSpecId(java.lang.String)
androidx.work.ListenableWorker$Result$Retry: java.lang.String toString()
androidx.work.impl.WorkDatabase_Impl: java.util.Map getRequiredTypeConverters()
androidx.work.multiprocess.RemoteWorkManager: com.google.common.util.concurrent.ListenableFuture cancelAllWorkByTag(java.lang.String)
androidx.work.impl.WorkDatabase$Companion: WorkDatabase$Companion()
go.Seq$GoRefQueue: java.util.Collection access$200(go.Seq$GoRefQueue)
androidx.work.impl.constraints.controllers.ConstraintController$track$1: java.lang.Object invoke(java.lang.Object,java.lang.Object)
androidx.core.app.AppOpsManagerCompat$Api23Impl: int noteProxyOpNoThrow(android.app.AppOpsManager,java.lang.String,java.lang.String)
androidx.work.impl.WorkManagerImpl: androidx.work.Operation pruneWork()
androidx.work.impl.model.RawWorkInfoDao: androidx.lifecycle.LiveData getWorkInfoPojosLiveData(androidx.sqlite.db.SupportSQLiteQuery)
androidx.work.impl.model.WorkSpec: java.lang.String component1()
androidx.room.EntityDeletionOrUpdateAdapter: int handle(java.lang.Object)
androidx.room.RoomDatabase: void assertNotMainThread()
androidx.work.impl.utils.SerialExecutorImpl: boolean hasPendingTasks()
androidx.work.impl.RescheduleMigration: void migrate(androidx.sqlite.db.SupportSQLiteDatabase)
androidx.work.impl.model.RawWorkInfoDao_Impl: void __fetchRelationshipWorkProgressAsandroidxWorkData(java.util.HashMap)
androidx.work.impl.constraints.ConstraintsState$ConstraintsMet: ConstraintsState$ConstraintsMet()
androidx.work.impl.WorkDatabase_Impl: java.util.List access$400(androidx.work.impl.WorkDatabase_Impl)
androidx.work.impl.model.WorkSpecDao_Impl$18: void finalize()
androidx.work.impl.utils.LiveDataUtils$1$1: void run()
androidx.room.RoomDatabase: void getMDatabase$annotations()
androidx.work.Data: boolean getBoolean(java.lang.String,boolean)
androidx.room.RoomDatabase: androidx.room.InvalidationTracker getInvalidationTracker()
androidx.work.impl.model.WorkSpecDao_Impl$11: java.lang.String createQuery()
androidx.room.RoomDatabase: boolean inTransaction()
androidx.work.impl.utils.PackageManagerHelper: PackageManagerHelper()
go.Seq: void trackGoRef(int,go.Seq$GoObject)
androidx.work.impl.WorkerUpdater$enqueueUniquelyNamedPeriodic$enqueueNew$1: WorkerUpdater$enqueueUniquelyNamedPeriodic$enqueueNew$1(androidx.work.WorkRequest,androidx.work.impl.WorkManagerImpl,java.lang.String,androidx.work.impl.OperationImpl)
androidx.work.Data: float[] convertToPrimitiveArray(java.lang.Float[])
androidx.work.ConfigurationKt: int getDEFAULT_CONTENT_URI_TRIGGERS_WORKERS_LIMIT()
androidx.work.WorkerParameters: androidx.work.ProgressUpdater getProgressUpdater()
frpandroid.FrpcConfig: void setLogTo(java.lang.String)
androidx.work.Operation$State$FAILURE: java.lang.Throwable getThrowable()
androidx.work.impl.model.WorkSpecDao_Impl: void incrementGeneration(java.lang.String)
androidx.work.impl.WorkDatabase_Impl: java.util.Set getRequiredAutoMigrationSpecs()
androidx.room.RoomDatabase: void endTransaction()