app/build/outputs/mapping/release/mapping.txt
# compiler: R8
# compiler_version: 8.1.56
# min_api: 29
# common_typos_disable
# {"id":"com.android.tools.r8.mapping","version":"2.2"}
# pg_map_id: 296265e
# pg_map_hash: SHA-256 296265ed71b8b48ae7069370639d13d94e14e38e210132485b19eea49adb790b
com.example.memories.DatabaseHelper -> com.example.memories.DatabaseHelper:
    0:4:java.lang.Integer $r8$lambda$ENXuBjih9QFvJhPHL4QHyy_XIDA(com.example.memories.DatabaseHelper,int):0:0 -> G
      # {"id":"com.android.tools.r8.synthesized"}
    0:4:java.lang.Long $r8$lambda$HWHS9cPa0MnjIqY-idPbRY474VI(com.example.memories.DatabaseHelper,java.lang.String):0:0 -> M
      # {"id":"com.android.tools.r8.synthesized"}
      # {"id":"com.android.tools.r8.residualsignature","signature":"(Ljava/lang/String;Lcom/example/memories/DatabaseHelper;)Ljava/lang/Long;"}
    0:4:java.lang.Object $r8$lambda$-bCFsdOrpXN4B_J7zgrWrFhJ4Hs(com.example.memories.DatabaseHelper,java.lang.String,java.lang.String):0:0 -> a
      # {"id":"com.android.tools.r8.synthesized"}
    0:4:java.lang.Boolean $r8$lambda$JBKeco3cnet2PTScTug0FfKQI1g(com.example.memories.DatabaseHelper,java.lang.String):0:0 -> a0
      # {"id":"com.android.tools.r8.synthesized"}
      # {"id":"com.android.tools.r8.residualsignature","signature":"(Ljava/lang/String;Lcom/example/memories/DatabaseHelper;)Ljava/lang/Boolean;"}
    0:4:java.lang.Integer $r8$lambda$-yiIH4lwJDAqeZHcykP7zKksiGY(com.example.memories.DatabaseHelper):0:0 -> b
      # {"id":"com.android.tools.r8.synthesized"}
    0:4:java.lang.Boolean $r8$lambda$LcSzaCz2AZnZnLf7T3aD2jMvQrA(com.example.memories.DatabaseHelper,long):0:0 -> b0
      # {"id":"com.android.tools.r8.synthesized"}
com.example.memories.DatabaseHelper$$ExternalSyntheticLambda0 -> com.example.memories.a:
# {"id":"sourceFile","fileName":"R8$$SyntheticClass"}
# {"id":"com.android.tools.r8.synthesized"}
    int com.example.memories.DatabaseHelper$$InternalSyntheticLambda$1$5616f2f344ffc5838e86868614cba2f9fb1ff572c76415813ca2e541ab3288a4$0.$r8$classId -> a
    com.example.memories.DatabaseHelper com.example.memories.DatabaseHelper$$InternalSyntheticLambda$1$5616f2f344ffc5838e86868614cba2f9fb1ff572c76415813ca2e541ab3288a4$0.f$0 -> b
    0:7:void com.example.memories.DatabaseHelper$$InternalSyntheticLambda$1$5616f2f344ffc5838e86868614cba2f9fb1ff572c76415813ca2e541ab3288a4$0.<init>(com.example.memories.DatabaseHelper):0:0 -> <init>
    0:7:void com.example.memories.DatabaseHelper$$InternalSyntheticLambda$1$5616f2f344ffc5838e86868614cba2f9fb1ff572c76415813ca2e541ab3288a4$0.$r8$init$synthetic(java.lang.Object,int):0 -> <init>
      # {"id":"com.android.tools.r8.synthesized"}
      # {"id":"com.android.tools.r8.residualsignature","signature":"(ILjava/lang/Object;)V"}
    0:29:java.lang.Object com.example.memories.DatabaseHelper$$InternalSyntheticLambda$1$5616f2f344ffc5838e86868614cba2f9fb1ff572c76415813ca2e541ab3288a4$0.call$bridge():0:0 -> call
      # {"id":"com.android.tools.r8.synthesized"}
...
kotlinx.coroutines.IncompleteStateBox -> m0.i0:
    kotlinx.coroutines.Incomplete state -> a
    0:5:void <init>(kotlinx.coroutines.Incomplete):0:0 -> <init>
      # {"id":"com.android.tools.r8.residualsignature","signature":"(Lm0/h0;)V"}
kotlinx.coroutines.InvokeOnCancel -> m0.j0:
    kotlin.jvm.functions.Function1 handler -> h
    0:5:void <init>(kotlin.jvm.functions.Function1):0:0 -> <init>
      # {"id":"com.android.tools.r8.residualsignature","signature":"(Landroidx/work/ListenableFutureKt$await$2$2;)V"}
    2:6:void kotlinx.coroutines.InvokeOnCancel.invoke(java.lang.Throwable):0:0 -> invoke
    2:6:java.lang.Object invoke(java.lang.Object):0 -> invoke
    7:9:java.lang.Object invoke(java.lang.Object):0:0 -> invoke
    7:16:java.lang.String kotlinx.coroutines.DebugStringsKt.getClassSimpleName(java.lang.Object):0:0 -> toString
    7:16:java.lang.String toString():0 -> toString
    17:41:java.lang.String toString():0:0 -> toString
kotlinx.coroutines.InvokeOnCancelling -> m0.k0:
    kotlin.jvm.functions.Function1 handler -> l
    java.util.concurrent.atomic.AtomicIntegerFieldUpdater _invoked$FU -> m
    0:10:void <clinit>():0:0 -> <clinit>
    0:5:void <init>(kotlin.jvm.functions.Function1):0:0 -> <init>
      # {"id":"com.android.tools.r8.residualsignature","signature":"(Lf0/l;)V"}
    0:7:java.lang.Object invoke(java.lang.Object):0:0 -> invoke
    0:15:void invoke(java.lang.Throwable):0:0 -> m
kotlinx.coroutines.InvokeOnCompletion -> m0.l0:
    kotlin.jvm.functions.Function1 handler -> l
    0:5:void <init>(kotlin.jvm.functions.Function1):0:0 -> <init>
      # {"id":"com.android.tools.r8.residualsignature","signature":"(Lf0/l;)V"}
    0:7:java.lang.Object invoke(java.lang.Object):0:0 -> invoke
    0:5:void invoke(java.lang.Throwable):0:0 -> m
kotlinx.coroutines.Job -> m0.m0:
    int $r8$clinit -> b
    void cancel(java.util.concurrent.CancellationException) -> a
    boolean isActive() -> b
kotlinx.coroutines.JobCancellationException -> m0.n0:
    kotlinx.coroutines.Job job -> h
    0:10:void <init>(java.lang.String,java.lang.Throwable,kotlinx.coroutines.Job):0:0 -> <init>
      # {"id":"com.android.tools.r8.residualsignature","signature":"(Ljava/lang/String;Ljava/lang/Throwable;Lm0/m0;)V"}
    0:50:boolean equals(java.lang.Object):0:0 -> equals
    0:6:java.lang.Throwable fillInStackTrace():0:0 -> fillInStackTrace
    0:35:int hashCode():0:0 -> hashCode
    0:26:java.lang.String toString():0:0 -> toString
kotlinx.coroutines.JobCancellingNode -> m0.o0:
kotlinx.coroutines.JobImpl -> m0.p0:
    boolean handlesException -> j
    7:14:kotlinx.coroutines.ChildHandle kotlinx.coroutines.JobSupport.getParentHandle$kotlinx_coroutines_core():0:0 -> <init>
    7:14:boolean kotlinx.coroutines.JobImpl.handlesException():0 -> <init>
    7:14:void <init>(kotlinx.coroutines.Job):0 -> <init>
      # {"id":"com.android.tools.r8.residualsignature","signature":"(Lm0/m0;)V"}
    15:36:boolean kotlinx.coroutines.JobImpl.handlesException():0:0 -> <init>
    15:36:void <init>(kotlinx.coroutines.Job):0 -> <init>
    37:42:kotlinx.coroutines.ChildHandle kotlinx.coroutines.JobSupport.getParentHandle$kotlinx_coroutines_core():0:0 -> <init>
    37:42:boolean kotlinx.coroutines.JobImpl.handlesException():0 -> <init>
    37:42:void <init>(kotlinx.coroutines.Job):0 -> <init>
    43:54:boolean kotlinx.coroutines.JobImpl.handlesException():0:0 -> <init>
    43:54:void <init>(kotlinx.coroutines.Job):0 -> <init>
    55:57:void <init>(kotlinx.coroutines.Job):0:0 -> <init>
    0:2:boolean getHandlesException$kotlinx_coroutines_core():0:0 -> y