app/build/outputs/mapping/release/usage.txt
com.example.memories.DatabaseHelper$$InternalSyntheticLambda$1$5a8de9cd26f8d1707da3b0e346b05c62de3e35967d77c2b8776df444b6f4624e$0
com.example.memories.DatabaseHelper$$InternalSyntheticLambda$1$77fd3cf69a834d6f5cdc547a085f128952eb399095f26bfb992232367a5bfbee$0
com.example.memories.DatabaseHelper$$InternalSyntheticLambda$1$86df6db0aa320ca801a600ca36728db79ea107ac0bf07b345b8cd30bcffa4230$0:
    private static synthetic void $r8$constructor$androidx$work$impl$Processor$$InternalSyntheticLambda$1$3354c334eae638a678a5f8f26330a80af9f2189a5e04c420370f770cb67bb301$0()
com.example.memories.DatabaseHelper$$InternalSyntheticLambda$1$97d8e7ffbb7b42bec8f8e4208947d7463df76c960fb09c64cfb8b53a6fa6c40d$0
com.example.memories.DatabaseHelper$$InternalSyntheticLambda$1$cf41fe0311b11318645f45a416308a34334312ea3bc7d5e89f9a0ac3b5237ddb$0
com.example.memories.DatabaseHelper$$InternalSyntheticLambda$1$fadfc7d9f9cca75c83019403dc6490e8be80183bd7174109ac90015310de3a5d$0
com.example.memories.EmbeddedServer$$InternalSyntheticLambda$1$2cc34e6f2d595249140de8b94cf74b8f4e7c7585c6c6f4e8bc4dac902b2ff823$0
com.example.memories.FileManager$$InternalSyntheticLambda$1$bb219b156e784d4c1364d0f3dbf1c3e3c3d51b706847c1e0bcbe7a75bec370b5$1
com.example.memories.FloatingWindow$$InternalSyntheticLambda$1$3e8dc808804c30b1c0ff77f27ce7f4e6bdb695bcbd7e441318b1f5d29bb0c0c6$0
com.example.memories.MainActivity$$InternalSyntheticLambda$1$2477d37948f53fe178e30d7461ce155bdbaa0c030dc8d960da0e35d7a5a8510e$1
com.example.memories.MainActivity$$InternalSyntheticLambda$1$2477d37948f53fe178e30d7461ce155bdbaa0c030dc8d960da0e35d7a5a8510e$2
com.example.memories.MainActivity$$InternalSyntheticLambda$1$27470487153f9925a06ddf47d9a78c1b480c94afc99cca85b8a3cf31c709d74b$0
com.example.memories.MainActivity$$InternalSyntheticLambda$1$27470487153f9925a06ddf47d9a78c1b480c94afc99cca85b8a3cf31c709d74b$1
com.example.memories.MainActivity$$InternalSyntheticLambda$1$27470487153f9925a06ddf47d9a78c1b480c94afc99cca85b8a3cf31c709d74b$2
com.example.memories.MainActivity$$InternalSyntheticLambda$1$54ffa050973e83a105ed2ce139c681e5ad79300e8e0c6277c98fdab96afcea4b$0
com.example.memories.MainActivity$1$$InternalSyntheticLambda$1$dbbe8979c37079789324069082e9d91ae1c0aa536bad6434c911dcd1381f27d1$0
com.example.memories.MainActivity$1$$InternalSyntheticLambda$1$dbbe8979c37079789324069082e9d91ae1c0aa536bad6434c911dcd1381f27d1$1
com.example.memories.PermissionGuideActivity$$InternalSyntheticLambda$1$c0a58e960150b7d97d21792b41550e7d5f79753c19702df55c3a1623fcb8beaa$0
com.example.memories.PermissionGuideActivity$$InternalSyntheticLambda$1$c81b4d785132c6997c497634a4f833863155c49a7ada6e7fadcf16d702498fd1$10
com.example.memories.PermissionGuideActivity$$InternalSyntheticLambda$1$c81b4d785132c6997c497634a4f833863155c49a7ada6e7fadcf16d702498fd1$11
com.example.memories.PermissionGuideActivity$$InternalSyntheticLambda$1$c81b4d785132c6997c497634a4f833863155c49a7ada6e7fadcf16d702498fd1$12
com.example.memories.PermissionGuideActivity$$InternalSyntheticLambda$1$c81b4d785132c6997c497634a4f833863155c49a7ada6e7fadcf16d702498fd1$13
com.example.memories.PermissionGuideActivity$$InternalSyntheticLambda$1$c81b4d785132c6997c497634a4f833863155c49a7ada6e7fadcf16d702498fd1$14
com.example.memories.PermissionGuideActivity$$InternalSyntheticLambda$1$c81b4d785132c6997c497634a4f833863155c49a7ada6e7fadcf16d702498fd1$15
com.example.memories.PermissionGuideActivity$$InternalSyntheticLambda$1$c81b4d785132c6997c497634a4f833863155c49a7ada6e7fadcf16d702498fd1$16
com.example.memories.PermissionGuideActivity$$InternalSyntheticLambda$1$c81b4d785132c6997c497634a4f833863155c49a7ada6e7fadcf16d702498fd1$17
com.example.memories.PermissionGuideActivity$$InternalSyntheticLambda$1$c81b4d785132c6997c497634a4f833863155c49a7ada6e7fadcf16d702498fd1$18
com.example.memories.PermissionGuideActivity$$InternalSyntheticLambda$1$c81b4d785132c6997c497634a4f833863155c49a7ada6e7fadcf16d702498fd1$19
...
kotlin.Suppress
kotlin.SuspendKt
kotlin.SynchronizedLazyImpl:
    private final java.lang.Object writeReplace()
kotlin.ThrowsKt
kotlin.Triple
kotlin.TuplesKt:
    public static final java.util.List toList(kotlin.Pair)
    public static final java.util.List toList(kotlin.Triple)
kotlin.TypeAliasesKt
kotlin.TypeCastException
kotlin.UByte$Companion
kotlin.UByte
kotlin.UByteArray$Iterator
kotlin.UByteArray
kotlin.UByteArrayKt
kotlin.UByteKt
kotlin.UInt$Companion
kotlin.UInt
kotlin.UIntArray$Iterator
kotlin.UIntArray
kotlin.UIntArrayKt
kotlin.UIntKt
kotlin.ULong$Companion
kotlin.ULong
kotlin.ULongArray$Iterator
kotlin.ULongArray
kotlin.ULongArrayKt
kotlin.ULongKt
kotlin.UNumbersKt
kotlin.UShort$Companion
kotlin.UShort
kotlin.UShortArray$Iterator
kotlin.UShortArray
kotlin.UShortArrayKt
kotlin.UShortKt
kotlin.UninitializedPropertyAccessException:
    public void <init>()
    public void <init>(java.lang.String,java.lang.Throwable)
    public void <init>(java.lang.Throwable)
kotlin.UnsafeLazyImpl
kotlin.UnsafeVariance
kotlin.UnsignedKt
kotlin.WasExperimental
kotlin._Assertions
kotlin.annotation.AnnotationRetention
kotlin.annotation.AnnotationTarget
kotlin.annotation.MustBeDocumented
kotlin.annotation.Repeatable
kotlin.annotation.Retention
kotlin.annotation.Target
kotlin.collections.AbstractCollection:
    public abstract java.util.Iterator iterator()
kotlin.collections.AbstractIterator$WhenMappings
kotlin.collections.AbstractIterator
kotlin.collections.AbstractList:
    public abstract int getSize()
kotlin.collections.AbstractMap$Companion
kotlin.collections.AbstractMap$keys$1$iterator$1
kotlin.collections.AbstractMap$keys$1
kotlin.collections.AbstractMap$toString$1
kotlin.collections.AbstractMap$values$1$iterator$1
kotlin.collections.AbstractMap$values$1
kotlin.collections.AbstractMap
kotlin.collections.AbstractMutableCollection:
    public abstract boolean add(java.lang.Object)
kotlin.collections.AbstractMutableList:
    public abstract void add(int,java.lang.Object)
    public abstract java.lang.Object set(int,java.lang.Object)
kotlin.collections.AbstractMutableMap
kotlin.collections.AbstractMutableSet:
    public abstract boolean add(java.lang.Object)
kotlin.collections.AbstractSet$Companion
kotlin.collections.AbstractSet
kotlin.collections.ArrayAsCollection:
    public final java.lang.Object[] getValues()
    public final boolean isVarargs()
kotlin.collections.ArrayDeque:
    private static final int defaultMinCapacity
    private static final int maxArraySize
    public void <init>(int)
    public void <init>(java.util.Collection)
    private final boolean filterInPlace(kotlin.jvm.functions.Function1)
    public final java.lang.Object first()
    public final java.lang.Object firstOrNull()
    private final java.lang.Object internalGet(int)
    private final int internalIndex(int)
    public final void internalStructure$kotlin_stdlib(kotlin.jvm.functions.Function2)
    public final java.lang.Object last()
    public final java.lang.Object lastOrNull()
    public final java.lang.Object removeLastOrNull()
    public final java.lang.Object[] testToArray$kotlin_stdlib()
    public final java.lang.Object[] testToArray$kotlin_stdlib(java.lang.Object[])
kotlin.collections.ArraysKt:
    private void <init>()
kotlin.collections.ArraysKt__ArraysJVMKt:
    public void <init>()
    public static final int contentDeepHashCode(java.lang.Object[])
    public static final synthetic java.lang.Object[] orEmpty(java.lang.Object[])
    private static final java.lang.String toString(byte[],java.nio.charset.Charset)
    public static final synthetic java.lang.Object[] toTypedArray(java.util.Collection)